INFO:root:train trajgru begin...
INFO:root:train trajgru begin...
INFO:root:train trajgru begin...
INFO:root:train trajgru begin...
INFO:root:torch.Size([35, 4, 1, 600, 600])
INFO:root:<class 'torch.Tensor'>
INFO:root:torch.Size([5, 4, 1, 600, 600])
INFO:root:torch.Size([30, 4, 1, 600, 600])
INFO:root:(4, 35)
INFO:root:train trajgru begin...
INFO:root:train trajgru begin...
INFO:root:torch.Size([35, 4, 1, 600, 600])
INFO:root:<class 'torch.Tensor'>
INFO:root:torch.Size([5, 4, 1, 600, 600])
INFO:root:torch.Size([30, 4, 1, 600, 600])
INFO:root:(4, 35)
INFO:root:train trajgru begin...
INFO:root:train trajgru begin...
INFO:root:train trajgru begin...
INFO:root:torch.Size([35, 4, 1, 600, 600])
INFO:root:<class 'torch.Tensor'>
INFO:root:torch.Size([5, 4, 1, 600, 600])
INFO:root:torch.Size([30, 4, 1, 600, 600])
INFO:root:(4, 35)
INFO:root:train trajgru begin...
INFO:root:train trajgru begin...
INFO:root:torch.Size([35, 2, 1, 600, 600])
INFO:root:<class 'torch.Tensor'>
INFO:root:torch.Size([5, 2, 1, 600, 600])
INFO:root:torch.Size([30, 2, 1, 600, 600])
INFO:root:(2, 35)
INFO:root:train trajgru begin...
INFO:root:train trajgru begin...
INFO:root:train trajgru begin...
INFO:root:torch.Size([35, 4, 1, 600, 600])
INFO:root:<class 'torch.Tensor'>
INFO:root:torch.Size([5, 4, 1, 600, 600])
INFO:root:torch.Size([30, 4, 1, 600, 600])
INFO:root:(4, 35)
INFO:root:train trajgru begin...
INFO:root:train trajgru begin...
INFO:root:train trajgru begin...
INFO:root:train trajgru begin...
INFO:root:torch.Size([35, 1, 1, 600, 600])
INFO:root:<class 'torch.Tensor'>
INFO:root:torch.Size([5, 1, 1, 600, 600])
INFO:root:torch.Size([30, 1, 1, 600, 600])
INFO:root:(1, 35)
INFO:root:train trajgru begin...
INFO:root:train trajgru begin...
INFO:root:torch.Size([35, 1, 1, 600, 600])
INFO:root:<class 'torch.Tensor'>
INFO:root:torch.Size([5, 1, 1, 600, 600])
INFO:root:torch.Size([30, 1, 1, 600, 600])
INFO:root:(1, 35)
INFO:root:train trajgru begin...
INFO:root:train trajgru begin...
INFO:root:torch.Size([35, 1, 1, 600, 600])
INFO:root:<class 'torch.Tensor'>
INFO:root:torch.Size([5, 1, 1, 600, 600])
INFO:root:torch.Size([30, 1, 1, 600, 600])
INFO:root:(1, 35)
INFO:root:train trajgru begin...
INFO:root:train trajgru begin...
INFO:root:torch.Size([35, 4, 1, 600, 600])
INFO:root:<class 'torch.Tensor'>
INFO:root:torch.Size([5, 4, 1, 600, 600])
INFO:root:torch.Size([30, 4, 1, 600, 600])
INFO:root:(4, 35)
INFO:root:train trajgru begin...
INFO:root:train trajgru begin...
INFO:root:train trajgru begin...
INFO:root:torch.Size([35, 4, 1, 600, 600])
INFO:root:<class 'torch.Tensor'>
INFO:root:torch.Size([5, 4, 1, 600, 600])
INFO:root:torch.Size([30, 4, 1, 600, 600])
INFO:root:(4, 35)
INFO:root:train trajgru begin...
INFO:root:train trajgru begin...
INFO:root:torch.Size([35, 4, 1, 600, 600])
INFO:root:<class 'torch.Tensor'>
INFO:root:torch.Size([5, 4, 1, 600, 600])
INFO:root:torch.Size([30, 4, 1, 600, 600])
INFO:root:(4, 35)
