INFO:root:train trajgru begin...
INFO:root:train trajgru begin...
INFO:root:train trajgru begin...
INFO:root:train trajgru begin...
INFO:root:train trajgru begin...
INFO:root:train trajgru begin...
INFO:root:total_num:6464821
INFO:root:train trajgru begin...
INFO:root:torch.Size([40, 4, 1, 600, 600])
INFO:root:<class 'torch.Tensor'>
INFO:root:torch.Size([10, 4, 1, 600, 600])
INFO:root:torch.Size([30, 4, 1, 600, 600])
INFO:root:(4, 40)
INFO:root:train trajgru begin...
INFO:root:total_num:6464821
INFO:root:train trajgru begin...
INFO:root:torch.Size([40, 3, 1, 600, 600])
INFO:root:<class 'torch.Tensor'>
INFO:root:torch.Size([10, 3, 1, 600, 600])
INFO:root:torch.Size([30, 3, 1, 600, 600])
INFO:root:(3, 40)
INFO:root:Saving evaluation result to /home/syao/Desktop/trajGRU/bams/experiments/./train_model_40/iter_1
INFO:root:Saving readable txt of Evaluation to /home/syao/Desktop/trajGRU/bams/experiments/./train_model_40/iter_1/eval_all.txt
INFO:root:train trajgru begin...
INFO:root:total_num:6464821
INFO:root:train trajgru begin...
INFO:root:torch.Size([40, 3, 1, 600, 600])
INFO:root:<class 'torch.Tensor'>
INFO:root:torch.Size([10, 3, 1, 600, 600])
INFO:root:torch.Size([30, 3, 1, 600, 600])
INFO:root:(3, 40)
INFO:root:Saving evaluation result to /home/syao/Desktop/trajGRU/bams/experiments/./train_model_40/iter_1
INFO:root:Saving readable txt of Evaluation to /home/syao/Desktop/trajGRU/bams/experiments/./train_model_40/iter_1/eval_all.txt
INFO:root:train trajgru begin...
INFO:root:train trajgru begin...
INFO:root:total_num:6464821
INFO:root:train trajgru begin...
INFO:root:torch.Size([40, 3, 1, 600, 600])
INFO:root:<class 'torch.Tensor'>
INFO:root:torch.Size([10, 3, 1, 600, 600])
INFO:root:torch.Size([30, 3, 1, 600, 600])
INFO:root:(3, 40)
INFO:root:Saving evaluation result to /home/syao/Desktop/trajGRU/bams/experiments/train_model_40/iter_1
INFO:root:Saving readable txt of Evaluation to /home/syao/Desktop/trajGRU/bams/experiments/train_model_40/iter_1/eval_all.txt
INFO:root:train trajgru begin...
INFO:root:total_num:6464821
INFO:root:train trajgru begin...
INFO:root:torch.Size([40, 3, 1, 600, 600])
INFO:root:<class 'torch.Tensor'>
INFO:root:torch.Size([10, 3, 1, 600, 600])
INFO:root:torch.Size([30, 3, 1, 600, 600])
INFO:root:(3, 40)
INFO:root:Saving evaluation result to /home/syao/Desktop/trajGRU/bams/experiments/train_model_40/iter_1
INFO:root:Saving readable txt of Evaluation to /home/syao/Desktop/trajGRU/bams/experiments/train_model_40/iter_1/eval_all.txt
INFO:root:load data:0.5604758262634277	valid:2.6215083599090576
INFO:root:train trajgru begin...
INFO:root:total_num:6464821
INFO:root:train trajgru begin...
INFO:root:torch.Size([40, 3, 1, 600, 600])
INFO:root:<class 'torch.Tensor'>
INFO:root:torch.Size([10, 3, 1, 600, 600])
INFO:root:torch.Size([30, 3, 1, 600, 600])
INFO:root:(3, 40)
INFO:root:Saving evaluation result to /home/syao/Desktop/trajGRU/bams/experiments/train_model_40/iter_2000
INFO:root:Saving readable txt of Evaluation to /home/syao/Desktop/trajGRU/bams/experiments/train_model_40/iter_2000/eval_all.txt
INFO:root:load data:0.5725452899932861	valid:2.629854917526245
INFO:root:Saving evaluation result to /home/syao/Desktop/trajGRU/bams/experiments/train_model_40/iter_4000
INFO:root:Saving readable txt of Evaluation to /home/syao/Desktop/trajGRU/bams/experiments/train_model_40/iter_4000/eval_all.txt
INFO:root:load data:0.6723942756652832	valid:2.785700559616089
INFO:root:Saving evaluation result to /home/syao/Desktop/trajGRU/bams/experiments/train_model_40/iter_6000
INFO:root:Saving readable txt of Evaluation to /home/syao/Desktop/trajGRU/bams/experiments/train_model_40/iter_6000/eval_all.txt
INFO:root:load data:0.6147456169128418	valid:2.681973695755005
INFO:root:Saving evaluation result to /home/syao/Desktop/trajGRU/bams/experiments/train_model_40/iter_8000
INFO:root:Saving readable txt of Evaluation to /home/syao/Desktop/trajGRU/bams/experiments/train_model_40/iter_8000/eval_all.txt
INFO:root:load data:0.6363978385925293	valid:2.698359251022339
INFO:root:Saving evaluation result to /home/syao/Desktop/trajGRU/bams/experiments/train_model_40/iter_10000
INFO:root:Saving readable txt of Evaluation to /home/syao/Desktop/trajGRU/bams/experiments/train_model_40/iter_10000/eval_all.txt
INFO:root:load data:0.620396614074707	valid:3.0239908695220947
INFO:root:Saving evaluation result to /home/syao/Desktop/trajGRU/bams/experiments/train_model_40/iter_12000
INFO:root:Saving readable txt of Evaluation to /home/syao/Desktop/trajGRU/bams/experiments/train_model_40/iter_12000/eval_all.txt
INFO:root:load data:0.6181027889251709	valid:2.875039577484131
INFO:root:Saving evaluation result to /home/syao/Desktop/trajGRU/bams/experiments/train_model_40/iter_14000
INFO:root:Saving readable txt of Evaluation to /home/syao/Desktop/trajGRU/bams/experiments/train_model_40/iter_14000/eval_all.txt
INFO:root:load data:0.6140472888946533	valid:2.6751561164855957
INFO:root:Saving evaluation result to /home/syao/Desktop/trajGRU/bams/experiments/train_model_40/iter_16000
INFO:root:Saving readable txt of Evaluation to /home/syao/Desktop/trajGRU/bams/experiments/train_model_40/iter_16000/eval_all.txt
INFO:root:load data:0.6632134914398193	valid:2.70841908454895
INFO:root:Saving evaluation result to /home/syao/Desktop/trajGRU/bams/experiments/train_model_40/iter_18000
INFO:root:Saving readable txt of Evaluation to /home/syao/Desktop/trajGRU/bams/experiments/train_model_40/iter_18000/eval_all.txt
INFO:root:load data:0.6479136943817139	valid:2.714629888534546
INFO:root:Saving evaluation result to /home/syao/Desktop/trajGRU/bams/experiments/train_model_40/iter_20000
INFO:root:Saving readable txt of Evaluation to /home/syao/Desktop/trajGRU/bams/experiments/train_model_40/iter_20000/eval_all.txt
INFO:root:load data:0.613776683807373	valid:2.6836702823638916
INFO:root:Saving evaluation result to /home/syao/Desktop/trajGRU/bams/experiments/train_model_40/iter_22000
INFO:root:Saving readable txt of Evaluation to /home/syao/Desktop/trajGRU/bams/experiments/train_model_40/iter_22000/eval_all.txt
INFO:root:load data:0.6213693618774414	valid:2.67047381401062
INFO:root:Saving evaluation result to /home/syao/Desktop/trajGRU/bams/experiments/train_model_40/iter_24000
INFO:root:Saving readable txt of Evaluation to /home/syao/Desktop/trajGRU/bams/experiments/train_model_40/iter_24000/eval_all.txt
INFO:root:load data:0.5994787216186523	valid:2.689908266067505
INFO:root:Saving evaluation result to /home/syao/Desktop/trajGRU/bams/experiments/train_model_40/iter_26000
INFO:root:Saving readable txt of Evaluation to /home/syao/Desktop/trajGRU/bams/experiments/train_model_40/iter_26000/eval_all.txt
INFO:root:load data:0.6144311428070068	valid:2.6789000034332275
INFO:root:Saving evaluation result to /home/syao/Desktop/trajGRU/bams/experiments/train_model_40/iter_28000
INFO:root:Saving readable txt of Evaluation to /home/syao/Desktop/trajGRU/bams/experiments/train_model_40/iter_28000/eval_all.txt
INFO:root:load data:0.6670522689819336	valid:2.7214767932891846
INFO:root:Saving evaluation result to /home/syao/Desktop/trajGRU/bams/experiments/train_model_40/iter_30000
INFO:root:Saving readable txt of Evaluation to /home/syao/Desktop/trajGRU/bams/experiments/train_model_40/iter_30000/eval_all.txt
INFO:root:load data:0.7685079574584961	valid:2.7971339225769043
INFO:root:Saving evaluation result to /home/syao/Desktop/trajGRU/bams/experiments/train_model_40/iter_32000
INFO:root:Saving readable txt of Evaluation to /home/syao/Desktop/trajGRU/bams/experiments/train_model_40/iter_32000/eval_all.txt
INFO:root:load data:0.6594142913818359	valid:2.7891664505004883
INFO:root:Saving evaluation result to /home/syao/Desktop/trajGRU/bams/experiments/train_model_40/iter_34000
INFO:root:Saving readable txt of Evaluation to /home/syao/Desktop/trajGRU/bams/experiments/train_model_40/iter_34000/eval_all.txt
INFO:root:load data:0.64084792137146	valid:2.780470132827759
INFO:root:Saving evaluation result to /home/syao/Desktop/trajGRU/bams/experiments/train_model_40/iter_36000
INFO:root:Saving readable txt of Evaluation to /home/syao/Desktop/trajGRU/bams/experiments/train_model_40/iter_36000/eval_all.txt
INFO:root:load data:0.631885290145874	valid:2.6878859996795654
INFO:root:Saving evaluation result to /home/syao/Desktop/trajGRU/bams/experiments/train_model_40/iter_38000
INFO:root:Saving readable txt of Evaluation to /home/syao/Desktop/trajGRU/bams/experiments/train_model_40/iter_38000/eval_all.txt
INFO:root:load data:0.6610550880432129	valid:2.7156198024749756
INFO:root:Saving evaluation result to /home/syao/Desktop/trajGRU/bams/experiments/train_model_40/iter_40000
INFO:root:Saving readable txt of Evaluation to /home/syao/Desktop/trajGRU/bams/experiments/train_model_40/iter_40000/eval_all.txt
INFO:root:load data:0.6441073417663574	valid:2.6957900524139404
INFO:root:Saving evaluation result to /home/syao/Desktop/trajGRU/bams/experiments/train_model_40/iter_42000
INFO:root:Saving readable txt of Evaluation to /home/syao/Desktop/trajGRU/bams/experiments/train_model_40/iter_42000/eval_all.txt
INFO:root:load data:0.6466765403747559	valid:2.719588279724121
INFO:root:Saving evaluation result to /home/syao/Desktop/trajGRU/bams/experiments/train_model_40/iter_44000
INFO:root:Saving readable txt of Evaluation to /home/syao/Desktop/trajGRU/bams/experiments/train_model_40/iter_44000/eval_all.txt
INFO:root:load data:0.6203393936157227	valid:2.827191114425659
INFO:root:Saving evaluation result to /home/syao/Desktop/trajGRU/bams/experiments/train_model_40/iter_46000
INFO:root:Saving readable txt of Evaluation to /home/syao/Desktop/trajGRU/bams/experiments/train_model_40/iter_46000/eval_all.txt
INFO:root:load data:0.6560754776000977	valid:2.971851348876953
INFO:root:Saving evaluation result to /home/syao/Desktop/trajGRU/bams/experiments/train_model_40/iter_48000
INFO:root:Saving readable txt of Evaluation to /home/syao/Desktop/trajGRU/bams/experiments/train_model_40/iter_48000/eval_all.txt
INFO:root:load data:0.6836264133453369	valid:2.7619972229003906
INFO:root:Saving evaluation result to /home/syao/Desktop/trajGRU/bams/experiments/train_model_40/iter_50000
INFO:root:Saving readable txt of Evaluation to /home/syao/Desktop/trajGRU/bams/experiments/train_model_40/iter_50000/eval_all.txt
INFO:root:load data:0.7193968296051025	valid:3.051522731781006
INFO:root:Saving evaluation result to /home/syao/Desktop/trajGRU/bams/experiments/train_model_40/iter_52000
INFO:root:Saving readable txt of Evaluation to /home/syao/Desktop/trajGRU/bams/experiments/train_model_40/iter_52000/eval_all.txt
INFO:root:load data:0.6873250007629395	valid:2.9799554347991943
INFO:root:Saving evaluation result to /home/syao/Desktop/trajGRU/bams/experiments/train_model_40/iter_54000
INFO:root:Saving readable txt of Evaluation to /home/syao/Desktop/trajGRU/bams/experiments/train_model_40/iter_54000/eval_all.txt
INFO:root:load data:0.6905767917633057	valid:3.074849843978882
INFO:root:Saving evaluation result to /home/syao/Desktop/trajGRU/bams/experiments/train_model_40/iter_56000
INFO:root:Saving readable txt of Evaluation to /home/syao/Desktop/trajGRU/bams/experiments/train_model_40/iter_56000/eval_all.txt
INFO:root:load data:0.7042286396026611	valid:2.93833327293396
INFO:root:Saving evaluation result to /home/syao/Desktop/trajGRU/bams/experiments/train_model_40/iter_58000
INFO:root:Saving readable txt of Evaluation to /home/syao/Desktop/trajGRU/bams/experiments/train_model_40/iter_58000/eval_all.txt
INFO:root:load data:0.6595807075500488	valid:3.059410333633423
INFO:root:Saving evaluation result to /home/syao/Desktop/trajGRU/bams/experiments/train_model_40/iter_60000
INFO:root:Saving readable txt of Evaluation to /home/syao/Desktop/trajGRU/bams/experiments/train_model_40/iter_60000/eval_all.txt
INFO:root:load data:0.6464965343475342	valid:2.735696792602539
INFO:root:Saving evaluation result to /home/syao/Desktop/trajGRU/bams/experiments/train_model_40/iter_62000
INFO:root:Saving readable txt of Evaluation to /home/syao/Desktop/trajGRU/bams/experiments/train_model_40/iter_62000/eval_all.txt
INFO:root:load data:0.6624531745910645	valid:2.7542505264282227
INFO:root:Saving evaluation result to /home/syao/Desktop/trajGRU/bams/experiments/train_model_40/iter_64000
INFO:root:Saving readable txt of Evaluation to /home/syao/Desktop/trajGRU/bams/experiments/train_model_40/iter_64000/eval_all.txt
INFO:root:load data:0.7229938507080078	valid:3.1041243076324463
INFO:root:train trajgru begin...
INFO:root:train trajgru begin...
INFO:root:torch.Size([40, 4, 1, 600, 600])
INFO:root:<class 'torch.Tensor'>
INFO:root:torch.Size([10, 4, 1, 600, 600])
INFO:root:torch.Size([30, 4, 1, 600, 600])
INFO:root:(4, 40)
INFO:root:train trajgru begin...
INFO:root:train trajgru begin...
INFO:root:torch.Size([40, 4, 1, 600, 600])
INFO:root:<class 'torch.Tensor'>
INFO:root:torch.Size([10, 4, 1, 600, 600])
INFO:root:torch.Size([30, 4, 1, 600, 600])
INFO:root:(4, 40)
INFO:root:train trajgru begin...
INFO:root:train trajgru begin...
INFO:root:torch.Size([40, 4, 1, 600, 600])
INFO:root:<class 'torch.Tensor'>
INFO:root:torch.Size([10, 4, 1, 600, 600])
INFO:root:torch.Size([30, 4, 1, 600, 600])
INFO:root:(4, 40)
INFO:root:train trajgru begin...
INFO:root:train trajgru begin...
INFO:root:torch.Size([40, 4, 1, 600, 600])
INFO:root:<class 'torch.Tensor'>
INFO:root:torch.Size([10, 4, 1, 600, 600])
INFO:root:torch.Size([30, 4, 1, 600, 600])
INFO:root:(4, 40)
INFO:root:train trajgru begin...
INFO:root:train trajgru begin...
INFO:root:torch.Size([40, 3, 1, 600, 600])
INFO:root:<class 'torch.Tensor'>
INFO:root:torch.Size([10, 3, 1, 600, 600])
INFO:root:torch.Size([30, 3, 1, 600, 600])
INFO:root:(3, 40)
INFO:root:train trajgru begin...
INFO:root:train trajgru begin...
INFO:root:torch.Size([40, 3, 1, 600, 600])
INFO:root:<class 'torch.Tensor'>
INFO:root:torch.Size([10, 3, 1, 600, 600])
INFO:root:torch.Size([30, 3, 1, 600, 600])
INFO:root:(3, 40)
INFO:root:train trajgru begin...
INFO:root:train trajgru begin...
INFO:root:torch.Size([40, 3, 1, 600, 600])
INFO:root:<class 'torch.Tensor'>
INFO:root:torch.Size([10, 3, 1, 600, 600])
INFO:root:torch.Size([30, 3, 1, 600, 600])
INFO:root:(3, 40)
INFO:root:train trajgru begin...
INFO:root:train trajgru begin...
INFO:root:torch.Size([40, 3, 1, 600, 600])
INFO:root:<class 'torch.Tensor'>
INFO:root:torch.Size([10, 3, 1, 600, 600])
INFO:root:torch.Size([30, 3, 1, 600, 600])
INFO:root:(3, 40)
INFO:root:train trajgru begin...
INFO:root:train trajgru begin...
INFO:root:torch.Size([40, 3, 1, 600, 600])
INFO:root:<class 'torch.Tensor'>
INFO:root:torch.Size([10, 3, 1, 600, 600])
INFO:root:torch.Size([30, 3, 1, 600, 600])
INFO:root:(3, 40)
INFO:root:train trajgru begin...
INFO:root:train trajgru begin...
INFO:root:torch.Size([40, 3, 1, 600, 600])
INFO:root:<class 'torch.Tensor'>
INFO:root:torch.Size([10, 3, 1, 600, 600])
INFO:root:torch.Size([30, 3, 1, 600, 600])
INFO:root:(3, 40)
INFO:root:Saving evaluation result to /home/syao/Desktop/trajGRU/bams/experiments/train_model_40_new/iter_1
INFO:root:Saving readable txt of Evaluation to /home/syao/Desktop/trajGRU/bams/experiments/train_model_40_new/iter_1/eval_all.txt
INFO:root:load data:0.5514836311340332	valid:2.7910284996032715
INFO:root:train trajgru begin...
INFO:root:train trajgru begin...
INFO:root:torch.Size([40, 4, 1, 600, 600])
INFO:root:<class 'torch.Tensor'>
INFO:root:torch.Size([10, 4, 1, 600, 600])
INFO:root:torch.Size([30, 4, 1, 600, 600])
INFO:root:(4, 40)
INFO:root:train trajgru begin...
INFO:root:train trajgru begin...
INFO:root:torch.Size([40, 3, 1, 600, 600])
INFO:root:<class 'torch.Tensor'>
INFO:root:torch.Size([10, 3, 1, 600, 600])
INFO:root:torch.Size([30, 3, 1, 600, 600])
INFO:root:(3, 40)
INFO:root:Saving evaluation result to /home/syao/Desktop/trajGRU/bams/experiments/train_model_40_new/iter_4000
INFO:root:Saving readable txt of Evaluation to /home/syao/Desktop/trajGRU/bams/experiments/train_model_40_new/iter_4000/eval_all.txt
INFO:root:load data:0.5850186347961426	valid:2.827065944671631
INFO:root:Saving evaluation result to /home/syao/Desktop/trajGRU/bams/experiments/train_model_40_new/iter_8000
INFO:root:Saving readable txt of Evaluation to /home/syao/Desktop/trajGRU/bams/experiments/train_model_40_new/iter_8000/eval_all.txt
INFO:root:load data:0.5990662574768066	valid:2.8392138481140137
INFO:root:Saving evaluation result to /home/syao/Desktop/trajGRU/bams/experiments/train_model_40_new/iter_12000
INFO:root:Saving readable txt of Evaluation to /home/syao/Desktop/trajGRU/bams/experiments/train_model_40_new/iter_12000/eval_all.txt
INFO:root:load data:0.6086268424987793	valid:2.797545909881592
INFO:root:train trajgru begin...
INFO:root:train trajgru begin...
INFO:root:torch.Size([40, 3, 1, 600, 600])
INFO:root:<class 'torch.Tensor'>
INFO:root:torch.Size([10, 3, 1, 600, 600])
INFO:root:torch.Size([30, 3, 1, 600, 600])
INFO:root:(3, 40)
INFO:root:Saving evaluation result to /home/syao/Desktop/trajGRU/bams/experiments/train_model_40_new/iter_4000
INFO:root:Saving readable txt of Evaluation to /home/syao/Desktop/trajGRU/bams/experiments/train_model_40_new/iter_4000/eval_all.txt
INFO:root:load data:0.5722732543945312	valid:3.052338123321533
INFO:root:Saving evaluation result to /home/syao/Desktop/trajGRU/bams/experiments/train_model_40_new/iter_8000
INFO:root:Saving readable txt of Evaluation to /home/syao/Desktop/trajGRU/bams/experiments/train_model_40_new/iter_8000/eval_all.txt
INFO:root:load data:0.6233193874359131	valid:2.8498992919921875
INFO:root:Saving evaluation result to /home/syao/Desktop/trajGRU/bams/experiments/train_model_40_new/iter_12000
INFO:root:Saving readable txt of Evaluation to /home/syao/Desktop/trajGRU/bams/experiments/train_model_40_new/iter_12000/eval_all.txt
INFO:root:load data:0.5999593734741211	valid:3.2034003734588623
