INFO:root:train trajgru begin...
INFO:root:train trajgru begin...
INFO:root:total_num:6464821
INFO:root:train trajgru begin...
INFO:root:torch.Size([35, 4, 1, 600, 600])
INFO:root:<class 'torch.Tensor'>
INFO:root:torch.Size([5, 4, 1, 600, 600])
INFO:root:torch.Size([30, 4, 1, 600, 600])
INFO:root:(4, 35)
INFO:root:train trajgru begin...
INFO:root:total_num:6464821
INFO:root:train trajgru begin...
INFO:root:torch.Size([35, 4, 1, 600, 600])
INFO:root:<class 'torch.Tensor'>
INFO:root:torch.Size([5, 4, 1, 600, 600])
INFO:root:torch.Size([30, 4, 1, 600, 600])
INFO:root:(4, 35)
INFO:root:train trajgru begin...
INFO:root:total_num:6464821
INFO:root:train trajgru begin...
INFO:root:torch.Size([35, 2, 1, 600, 600])
INFO:root:<class 'torch.Tensor'>
INFO:root:torch.Size([5, 2, 1, 600, 600])
INFO:root:torch.Size([30, 2, 1, 600, 600])
INFO:root:(2, 35)
INFO:root:train trajgru begin...
INFO:root:total_num:6464821
INFO:root:train trajgru begin...
INFO:root:torch.Size([35, 3, 1, 600, 600])
INFO:root:<class 'torch.Tensor'>
INFO:root:torch.Size([5, 3, 1, 600, 600])
INFO:root:torch.Size([30, 3, 1, 600, 600])
INFO:root:(3, 35)
INFO:root:Saving evaluation result to /home/syao/Desktop/trajGRU/bams/experiments/train_model/iter_1
INFO:root:Saving readable txt of Evaluation to /home/syao/Desktop/trajGRU/bams/experiments/train_model/iter_1/eval_all.txt
INFO:root:load data:0.48195481300354004	valid:2.444714069366455
INFO:root:train trajgru begin...
INFO:root:total_num:6464821
INFO:root:train trajgru begin...
INFO:root:torch.Size([35, 4, 1, 600, 600])
INFO:root:<class 'torch.Tensor'>
INFO:root:torch.Size([5, 4, 1, 600, 600])
INFO:root:torch.Size([30, 4, 1, 600, 600])
INFO:root:(4, 35)
INFO:root:train trajgru begin...
INFO:root:total_num:6464821
INFO:root:train trajgru begin...
INFO:root:torch.Size([35, 3, 1, 600, 600])
INFO:root:<class 'torch.Tensor'>
INFO:root:torch.Size([5, 3, 1, 600, 600])
INFO:root:torch.Size([30, 3, 1, 600, 600])
INFO:root:(3, 35)
INFO:root:Saving evaluation result to /home/syao/Desktop/trajGRU/bams/experiments/train_model/iter_2000
INFO:root:Saving readable txt of Evaluation to /home/syao/Desktop/trajGRU/bams/experiments/train_model/iter_2000/eval_all.txt
INFO:root:load data:0.49393296241760254	valid:2.445315361022949
INFO:root:Saving evaluation result to /home/syao/Desktop/trajGRU/bams/experiments/train_model/iter_4000
INFO:root:Saving readable txt of Evaluation to /home/syao/Desktop/trajGRU/bams/experiments/train_model/iter_4000/eval_all.txt
INFO:root:load data:0.5262045860290527	valid:2.4869637489318848
INFO:root:Saving evaluation result to /home/syao/Desktop/trajGRU/bams/experiments/train_model/iter_6000
INFO:root:Saving readable txt of Evaluation to /home/syao/Desktop/trajGRU/bams/experiments/train_model/iter_6000/eval_all.txt
INFO:root:load data:0.49842000007629395	valid:2.469008445739746
INFO:root:Saving evaluation result to /home/syao/Desktop/trajGRU/bams/experiments/train_model/iter_8000
INFO:root:Saving readable txt of Evaluation to /home/syao/Desktop/trajGRU/bams/experiments/train_model/iter_8000/eval_all.txt
INFO:root:load data:0.5006880760192871	valid:2.4746479988098145
INFO:root:Saving evaluation result to /home/syao/Desktop/trajGRU/bams/experiments/train_model/iter_10000
INFO:root:Saving readable txt of Evaluation to /home/syao/Desktop/trajGRU/bams/experiments/train_model/iter_10000/eval_all.txt
INFO:root:load data:0.49340224266052246	valid:2.460866689682007
INFO:root:Saving evaluation result to /home/syao/Desktop/trajGRU/bams/experiments/train_model/iter_12000
INFO:root:Saving readable txt of Evaluation to /home/syao/Desktop/trajGRU/bams/experiments/train_model/iter_12000/eval_all.txt
INFO:root:load data:0.5132648944854736	valid:2.4668874740600586
INFO:root:Saving evaluation result to /home/syao/Desktop/trajGRU/bams/experiments/train_model/iter_14000
INFO:root:Saving readable txt of Evaluation to /home/syao/Desktop/trajGRU/bams/experiments/train_model/iter_14000/eval_all.txt
INFO:root:load data:0.5012083053588867	valid:2.6632299423217773
INFO:root:Saving evaluation result to /home/syao/Desktop/trajGRU/bams/experiments/train_model/iter_16000
INFO:root:Saving readable txt of Evaluation to /home/syao/Desktop/trajGRU/bams/experiments/train_model/iter_16000/eval_all.txt
INFO:root:load data:0.5043768882751465	valid:2.45672345161438
INFO:root:Saving evaluation result to /home/syao/Desktop/trajGRU/bams/experiments/train_model/iter_18000
INFO:root:Saving readable txt of Evaluation to /home/syao/Desktop/trajGRU/bams/experiments/train_model/iter_18000/eval_all.txt
INFO:root:load data:0.5131604671478271	valid:2.470069408416748
INFO:root:Saving evaluation result to /home/syao/Desktop/trajGRU/bams/experiments/train_model/iter_20000
INFO:root:Saving readable txt of Evaluation to /home/syao/Desktop/trajGRU/bams/experiments/train_model/iter_20000/eval_all.txt
INFO:root:load data:0.5169856548309326	valid:2.5022287368774414
INFO:root:Saving evaluation result to /home/syao/Desktop/trajGRU/bams/experiments/train_model/iter_22000
INFO:root:Saving readable txt of Evaluation to /home/syao/Desktop/trajGRU/bams/experiments/train_model/iter_22000/eval_all.txt
INFO:root:load data:0.49443626403808594	valid:2.466655731201172
INFO:root:Saving evaluation result to /home/syao/Desktop/trajGRU/bams/experiments/train_model/iter_24000
INFO:root:Saving readable txt of Evaluation to /home/syao/Desktop/trajGRU/bams/experiments/train_model/iter_24000/eval_all.txt
INFO:root:load data:0.5287039279937744	valid:2.48504376411438
INFO:root:Saving evaluation result to /home/syao/Desktop/trajGRU/bams/experiments/train_model/iter_26000
INFO:root:Saving readable txt of Evaluation to /home/syao/Desktop/trajGRU/bams/experiments/train_model/iter_26000/eval_all.txt
INFO:root:load data:0.5079371929168701	valid:2.4739339351654053
INFO:root:Saving evaluation result to /home/syao/Desktop/trajGRU/bams/experiments/train_model/iter_28000
INFO:root:Saving readable txt of Evaluation to /home/syao/Desktop/trajGRU/bams/experiments/train_model/iter_28000/eval_all.txt
INFO:root:load data:0.5273675918579102	valid:2.481332540512085
INFO:root:Saving evaluation result to /home/syao/Desktop/trajGRU/bams/experiments/train_model/iter_30000
INFO:root:Saving readable txt of Evaluation to /home/syao/Desktop/trajGRU/bams/experiments/train_model/iter_30000/eval_all.txt
INFO:root:load data:0.5152089595794678	valid:2.4742255210876465
INFO:root:Saving evaluation result to /home/syao/Desktop/trajGRU/bams/experiments/train_model/iter_32000
INFO:root:Saving readable txt of Evaluation to /home/syao/Desktop/trajGRU/bams/experiments/train_model/iter_32000/eval_all.txt
INFO:root:load data:0.5515470504760742	valid:2.5422067642211914
INFO:root:Saving evaluation result to /home/syao/Desktop/trajGRU/bams/experiments/train_model/iter_34000
INFO:root:Saving readable txt of Evaluation to /home/syao/Desktop/trajGRU/bams/experiments/train_model/iter_34000/eval_all.txt
INFO:root:load data:0.5172348022460938	valid:2.4979567527770996
INFO:root:Saving evaluation result to /home/syao/Desktop/trajGRU/bams/experiments/train_model/iter_36000
INFO:root:Saving readable txt of Evaluation to /home/syao/Desktop/trajGRU/bams/experiments/train_model/iter_36000/eval_all.txt
INFO:root:load data:0.5346040725708008	valid:2.4699087142944336
INFO:root:Saving evaluation result to /home/syao/Desktop/trajGRU/bams/experiments/train_model/iter_38000
INFO:root:Saving readable txt of Evaluation to /home/syao/Desktop/trajGRU/bams/experiments/train_model/iter_38000/eval_all.txt
INFO:root:load data:0.541999101638794	valid:2.500211000442505
INFO:root:Saving evaluation result to /home/syao/Desktop/trajGRU/bams/experiments/train_model/iter_40000
INFO:root:Saving readable txt of Evaluation to /home/syao/Desktop/trajGRU/bams/experiments/train_model/iter_40000/eval_all.txt
INFO:root:load data:0.5621371269226074	valid:2.506183385848999
INFO:root:Saving evaluation result to /home/syao/Desktop/trajGRU/bams/experiments/train_model/iter_42000
INFO:root:Saving readable txt of Evaluation to /home/syao/Desktop/trajGRU/bams/experiments/train_model/iter_42000/eval_all.txt
INFO:root:load data:0.5444939136505127	valid:2.4818263053894043
INFO:root:Saving evaluation result to /home/syao/Desktop/trajGRU/bams/experiments/train_model/iter_44000
INFO:root:Saving readable txt of Evaluation to /home/syao/Desktop/trajGRU/bams/experiments/train_model/iter_44000/eval_all.txt
INFO:root:load data:0.5445802211761475	valid:2.5128021240234375
INFO:root:Saving evaluation result to /home/syao/Desktop/trajGRU/bams/experiments/train_model/iter_46000
INFO:root:Saving readable txt of Evaluation to /home/syao/Desktop/trajGRU/bams/experiments/train_model/iter_46000/eval_all.txt
INFO:root:load data:0.5789682865142822	valid:2.7471444606781006
INFO:root:Saving evaluation result to /home/syao/Desktop/trajGRU/bams/experiments/train_model/iter_48000
INFO:root:Saving readable txt of Evaluation to /home/syao/Desktop/trajGRU/bams/experiments/train_model/iter_48000/eval_all.txt
INFO:root:load data:0.5387322902679443	valid:2.4845218658447266
INFO:root:Saving evaluation result to /home/syao/Desktop/trajGRU/bams/experiments/train_model/iter_50000
INFO:root:Saving readable txt of Evaluation to /home/syao/Desktop/trajGRU/bams/experiments/train_model/iter_50000/eval_all.txt
INFO:root:load data:0.5627110004425049	valid:2.598597764968872
INFO:root:Saving evaluation result to /home/syao/Desktop/trajGRU/bams/experiments/train_model/iter_52000
INFO:root:Saving readable txt of Evaluation to /home/syao/Desktop/trajGRU/bams/experiments/train_model/iter_52000/eval_all.txt
INFO:root:load data:0.5418205261230469	valid:2.5928401947021484
INFO:root:Saving evaluation result to /home/syao/Desktop/trajGRU/bams/experiments/train_model/iter_54000
INFO:root:Saving readable txt of Evaluation to /home/syao/Desktop/trajGRU/bams/experiments/train_model/iter_54000/eval_all.txt
INFO:root:load data:0.5315754413604736	valid:2.4650518894195557
INFO:root:Saving evaluation result to /home/syao/Desktop/trajGRU/bams/experiments/train_model/iter_56000
INFO:root:Saving readable txt of Evaluation to /home/syao/Desktop/trajGRU/bams/experiments/train_model/iter_56000/eval_all.txt
INFO:root:load data:0.5428357124328613	valid:2.485220193862915
INFO:root:Saving evaluation result to /home/syao/Desktop/trajGRU/bams/experiments/train_model/iter_58000
INFO:root:Saving readable txt of Evaluation to /home/syao/Desktop/trajGRU/bams/experiments/train_model/iter_58000/eval_all.txt
INFO:root:load data:0.5760180950164795	valid:2.700502395629883
INFO:root:Saving evaluation result to /home/syao/Desktop/trajGRU/bams/experiments/train_model/iter_60000
INFO:root:Saving readable txt of Evaluation to /home/syao/Desktop/trajGRU/bams/experiments/train_model/iter_60000/eval_all.txt
INFO:root:load data:0.5666518211364746	valid:2.6567089557647705
INFO:root:train trajgru begin...
INFO:root:train trajgru begin...
INFO:root:torch.Size([35, 4, 1, 600, 600])
INFO:root:<class 'torch.Tensor'>
INFO:root:torch.Size([5, 4, 1, 600, 600])
INFO:root:torch.Size([30, 4, 1, 600, 600])
INFO:root:(4, 35)
INFO:root:train trajgru begin...
INFO:root:train trajgru begin...
INFO:root:torch.Size([35, 4, 1, 600, 600])
INFO:root:<class 'torch.Tensor'>
INFO:root:torch.Size([5, 4, 1, 600, 600])
INFO:root:torch.Size([30, 4, 1, 600, 600])
INFO:root:(4, 35)
INFO:root:train trajgru begin...
INFO:root:train trajgru begin...
INFO:root:torch.Size([35, 4, 1, 600, 600])
INFO:root:<class 'torch.Tensor'>
INFO:root:torch.Size([5, 4, 1, 600, 600])
INFO:root:torch.Size([30, 4, 1, 600, 600])
INFO:root:(4, 35)
INFO:root:train trajgru begin...
INFO:root:train trajgru begin...
INFO:root:train trajgru begin...
INFO:root:train trajgru begin...
INFO:root:train trajgru begin...
INFO:root:torch.Size([35, 4, 1, 600, 600])
INFO:root:<class 'torch.Tensor'>
INFO:root:torch.Size([5, 4, 1, 600, 600])
INFO:root:torch.Size([30, 4, 1, 600, 600])
INFO:root:(4, 35)
INFO:root:Saving evaluation result to /home/syao/Desktop/trajGRU/bams/experiments/train_35_cyclone/iter_1
INFO:root:Saving readable txt of Evaluation to /home/syao/Desktop/trajGRU/bams/experiments/train_35_cyclone/iter_1/eval_all.txt
INFO:root:load data:0.48821091651916504	valid:2.67525053024292
INFO:root:train trajgru begin...
INFO:root:train trajgru begin...
INFO:root:torch.Size([35, 3, 1, 600, 600])
INFO:root:<class 'torch.Tensor'>
INFO:root:torch.Size([5, 3, 1, 600, 600])
INFO:root:torch.Size([30, 3, 1, 600, 600])
INFO:root:(3, 35)
INFO:root:Saving evaluation result to /home/syao/Desktop/trajGRU/bams/experiments/train_35_cyclone/iter_1
INFO:root:Saving readable txt of Evaluation to /home/syao/Desktop/trajGRU/bams/experiments/train_35_cyclone/iter_1/eval_all.txt
INFO:root:load data:0.5245342254638672	valid:2.7216997146606445
INFO:root:train trajgru begin...
INFO:root:train trajgru begin...
INFO:root:torch.Size([35, 3, 1, 600, 600])
INFO:root:<class 'torch.Tensor'>
INFO:root:torch.Size([5, 3, 1, 600, 600])
INFO:root:torch.Size([30, 3, 1, 600, 600])
INFO:root:(3, 35)
INFO:root:Saving evaluation result to /home/syao/Desktop/trajGRU/bams/experiments/train_35_cyclone/iter_3000
INFO:root:Saving readable txt of Evaluation to /home/syao/Desktop/trajGRU/bams/experiments/train_35_cyclone/iter_3000/eval_all.txt
INFO:root:load data:0.5089924335479736	valid:2.940769672393799
INFO:root:Saving evaluation result to /home/syao/Desktop/trajGRU/bams/experiments/train_35_cyclone/iter_6000
INFO:root:Saving readable txt of Evaluation to /home/syao/Desktop/trajGRU/bams/experiments/train_35_cyclone/iter_6000/eval_all.txt
INFO:root:load data:0.5350251197814941	valid:2.7658987045288086
INFO:root:Saving evaluation result to /home/syao/Desktop/trajGRU/bams/experiments/train_35_cyclone/iter_9000
INFO:root:Saving readable txt of Evaluation to /home/syao/Desktop/trajGRU/bams/experiments/train_35_cyclone/iter_9000/eval_all.txt
INFO:root:load data:0.5513648986816406	valid:2.907763957977295
INFO:root:Saving evaluation result to /home/syao/Desktop/trajGRU/bams/experiments/train_35_cyclone/iter_12000
INFO:root:Saving readable txt of Evaluation to /home/syao/Desktop/trajGRU/bams/experiments/train_35_cyclone/iter_12000/eval_all.txt
INFO:root:load data:0.5322592258453369	valid:2.7965481281280518
INFO:root:train trajgru begin...
INFO:root:train trajgru begin...
INFO:root:torch.Size([35, 3, 1, 600, 600])
INFO:root:<class 'torch.Tensor'>
INFO:root:torch.Size([5, 3, 1, 600, 600])
INFO:root:torch.Size([30, 3, 1, 600, 600])
INFO:root:(3, 35)
INFO:root:train trajgru begin...
INFO:root:train trajgru begin...
INFO:root:torch.Size([35, 3, 1, 600, 600])
INFO:root:<class 'torch.Tensor'>
INFO:root:torch.Size([5, 3, 1, 600, 600])
INFO:root:torch.Size([30, 3, 1, 600, 600])
INFO:root:(3, 35)
INFO:root:Saving evaluation result to /home/syao/Desktop/trajGRU/bams/experiments/train_35_cyclone/iter_1
INFO:root:Saving readable txt of Evaluation to /home/syao/Desktop/trajGRU/bams/experiments/train_35_cyclone/iter_1/eval_all.txt
INFO:root:load data:0.5004348754882812	valid:2.6368634700775146
INFO:root:train trajgru begin...
INFO:root:train trajgru begin...
INFO:root:torch.Size([35, 3, 1, 600, 600])
INFO:root:<class 'torch.Tensor'>
INFO:root:torch.Size([5, 3, 1, 600, 600])
INFO:root:torch.Size([30, 3, 1, 600, 600])
INFO:root:(3, 35)
INFO:root:train trajgru begin...
INFO:root:train trajgru begin...
INFO:root:torch.Size([35, 3, 1, 600, 600])
INFO:root:<class 'torch.Tensor'>
INFO:root:torch.Size([5, 3, 1, 600, 600])
INFO:root:torch.Size([30, 3, 1, 600, 600])
INFO:root:(3, 35)
INFO:root:Saving evaluation result to /home/syao/Desktop/trajGRU/bams/experiments/train_35_cyclone/iter_3000
INFO:root:Saving readable txt of Evaluation to /home/syao/Desktop/trajGRU/bams/experiments/train_35_cyclone/iter_3000/eval_all.txt
INFO:root:load data:0.5416359901428223	valid:2.7328734397888184
INFO:root:Saving evaluation result to /home/syao/Desktop/trajGRU/bams/experiments/train_35_cyclone/iter_6000
INFO:root:Saving readable txt of Evaluation to /home/syao/Desktop/trajGRU/bams/experiments/train_35_cyclone/iter_6000/eval_all.txt
INFO:root:load data:0.5814688205718994	valid:3.1282591819763184
INFO:root:Saving evaluation result to /home/syao/Desktop/trajGRU/bams/experiments/train_35_cyclone/iter_9000
INFO:root:Saving readable txt of Evaluation to /home/syao/Desktop/trajGRU/bams/experiments/train_35_cyclone/iter_9000/eval_all.txt
INFO:root:load data:0.5876681804656982	valid:2.799574375152588
INFO:root:Saving evaluation result to /home/syao/Desktop/trajGRU/bams/experiments/train_35_cyclone/iter_12000
INFO:root:Saving readable txt of Evaluation to /home/syao/Desktop/trajGRU/bams/experiments/train_35_cyclone/iter_12000/eval_all.txt
INFO:root:load data:0.5437936782836914	valid:2.7356746196746826
INFO:root:Saving evaluation result to /home/syao/Desktop/trajGRU/bams/experiments/train_35_cyclone/iter_15000
INFO:root:Saving readable txt of Evaluation to /home/syao/Desktop/trajGRU/bams/experiments/train_35_cyclone/iter_15000/eval_all.txt
INFO:root:load data:0.5368874073028564	valid:2.9017763137817383
INFO:root:Saving evaluation result to /home/syao/Desktop/trajGRU/bams/experiments/train_35_cyclone/iter_18000
INFO:root:Saving readable txt of Evaluation to /home/syao/Desktop/trajGRU/bams/experiments/train_35_cyclone/iter_18000/eval_all.txt
INFO:root:load data:0.5661525726318359	valid:2.900782346725464
INFO:root:Saving evaluation result to /home/syao/Desktop/trajGRU/bams/experiments/train_35_cyclone/iter_21000
INFO:root:Saving readable txt of Evaluation to /home/syao/Desktop/trajGRU/bams/experiments/train_35_cyclone/iter_21000/eval_all.txt
INFO:root:load data:0.5953676700592041	valid:2.769259214401245
INFO:root:Saving evaluation result to /home/syao/Desktop/trajGRU/bams/experiments/train_35_cyclone/iter_24000
INFO:root:Saving readable txt of Evaluation to /home/syao/Desktop/trajGRU/bams/experiments/train_35_cyclone/iter_24000/eval_all.txt
INFO:root:load data:0.5841946601867676	valid:2.76986026763916
INFO:root:Saving evaluation result to /home/syao/Desktop/trajGRU/bams/experiments/train_35_cyclone/iter_27000
INFO:root:Saving readable txt of Evaluation to /home/syao/Desktop/trajGRU/bams/experiments/train_35_cyclone/iter_27000/eval_all.txt
INFO:root:load data:0.6115820407867432	valid:2.7519690990448
INFO:root:Saving evaluation result to /home/syao/Desktop/trajGRU/bams/experiments/train_35_cyclone/iter_30000
INFO:root:Saving readable txt of Evaluation to /home/syao/Desktop/trajGRU/bams/experiments/train_35_cyclone/iter_30000/eval_all.txt
INFO:root:load data:0.5514144897460938	valid:2.715956926345825
INFO:root:Saving evaluation result to /home/syao/Desktop/trajGRU/bams/experiments/train_35_cyclone/iter_33000
INFO:root:Saving readable txt of Evaluation to /home/syao/Desktop/trajGRU/bams/experiments/train_35_cyclone/iter_33000/eval_all.txt
INFO:root:load data:0.542316198348999	valid:2.7801568508148193
INFO:root:Saving evaluation result to /home/syao/Desktop/trajGRU/bams/experiments/train_35_cyclone/iter_36000
INFO:root:Saving readable txt of Evaluation to /home/syao/Desktop/trajGRU/bams/experiments/train_35_cyclone/iter_36000/eval_all.txt
INFO:root:load data:0.548717737197876	valid:2.737001657485962
INFO:root:train trajgru begin...
INFO:root:train trajgru begin...
INFO:root:torch.Size([35, 3, 1, 600, 600])
INFO:root:<class 'torch.Tensor'>
INFO:root:torch.Size([5, 3, 1, 600, 600])
INFO:root:torch.Size([30, 3, 1, 600, 600])
INFO:root:(3, 35)
INFO:root:train trajgru begin...
INFO:root:train trajgru begin...
INFO:root:torch.Size([35, 3, 1, 600, 600])
INFO:root:<class 'torch.Tensor'>
INFO:root:torch.Size([5, 3, 1, 600, 600])
INFO:root:torch.Size([30, 3, 1, 600, 600])
INFO:root:(3, 35)
INFO:root:Saving evaluation result to /home/syao/Desktop/trajGRU/bams/experiments/train_35_cyclone/iter_1
INFO:root:Saving readable txt of Evaluation to /home/syao/Desktop/trajGRU/bams/experiments/train_35_cyclone/iter_1/eval_all.txt
INFO:root:load data:0.5106751918792725	valid:2.9611804485321045
INFO:root:train trajgru begin...
INFO:root:train trajgru begin...
INFO:root:torch.Size([35, 3, 1, 600, 600])
INFO:root:<class 'torch.Tensor'>
INFO:root:torch.Size([5, 3, 1, 600, 600])
INFO:root:torch.Size([30, 3, 1, 600, 600])
INFO:root:(3, 35)
INFO:root:Saving evaluation result to /home/syao/Desktop/trajGRU/bams/experiments/train_35_cyclone/iter_3000
INFO:root:Saving readable txt of Evaluation to /home/syao/Desktop/trajGRU/bams/experiments/train_35_cyclone/iter_3000/eval_all.txt
INFO:root:load data:0.5170137882232666	valid:2.668515920639038
INFO:root:Saving evaluation result to /home/syao/Desktop/trajGRU/bams/experiments/train_35_cyclone/iter_6000
INFO:root:Saving readable txt of Evaluation to /home/syao/Desktop/trajGRU/bams/experiments/train_35_cyclone/iter_6000/eval_all.txt
INFO:root:load data:0.5325844287872314	valid:2.7117440700531006
INFO:root:Saving evaluation result to /home/syao/Desktop/trajGRU/bams/experiments/train_35_cyclone/iter_9000
INFO:root:Saving readable txt of Evaluation to /home/syao/Desktop/trajGRU/bams/experiments/train_35_cyclone/iter_9000/eval_all.txt
INFO:root:load data:0.5371859073638916	valid:2.7666544914245605
INFO:root:Saving evaluation result to /home/syao/Desktop/trajGRU/bams/experiments/train_35_cyclone/iter_12000
INFO:root:Saving readable txt of Evaluation to /home/syao/Desktop/trajGRU/bams/experiments/train_35_cyclone/iter_12000/eval_all.txt
INFO:root:load data:0.5374011993408203	valid:2.677705764770508
INFO:root:Saving evaluation result to /home/syao/Desktop/trajGRU/bams/experiments/train_35_cyclone/iter_15000
INFO:root:Saving readable txt of Evaluation to /home/syao/Desktop/trajGRU/bams/experiments/train_35_cyclone/iter_15000/eval_all.txt
INFO:root:load data:0.5320513248443604	valid:2.6659657955169678
INFO:root:train trajgru begin...
INFO:root:train trajgru begin...
INFO:root:train trajgru begin...
INFO:root:torch.Size([35, 3, 1, 600, 600])
INFO:root:<class 'torch.Tensor'>
INFO:root:torch.Size([5, 3, 1, 600, 600])
INFO:root:torch.Size([30, 3, 1, 600, 600])
INFO:root:(3, 35)
INFO:root:train trajgru begin...
INFO:root:train trajgru begin...
INFO:root:torch.Size([35, 3, 1, 600, 600])
INFO:root:<class 'torch.Tensor'>
INFO:root:torch.Size([5, 3, 1, 600, 600])
INFO:root:torch.Size([30, 3, 1, 600, 600])
INFO:root:(3, 35)
INFO:root:train trajgru begin...
INFO:root:train trajgru begin...
INFO:root:torch.Size([35, 4, 1, 600, 600])
INFO:root:<class 'torch.Tensor'>
INFO:root:torch.Size([5, 4, 1, 600, 600])
INFO:root:torch.Size([30, 4, 1, 600, 600])
INFO:root:(4, 35)
INFO:root:train trajgru begin...
INFO:root:train trajgru begin...
INFO:root:torch.Size([35, 3, 1, 600, 600])
INFO:root:<class 'torch.Tensor'>
INFO:root:torch.Size([5, 3, 1, 600, 600])
INFO:root:torch.Size([30, 3, 1, 600, 600])
INFO:root:(3, 35)
INFO:root:Saving evaluation result to /home/syao/Desktop/trajGRU/bams/experiments/train_35_Houston/iter_5000
INFO:root:Saving readable txt of Evaluation to /home/syao/Desktop/trajGRU/bams/experiments/train_35_Houston/iter_5000/eval_all.txt
INFO:root:load data:0.4546802043914795	valid:2.384371519088745
INFO:root:train trajgru begin...
INFO:root:train trajgru begin...
INFO:root:torch.Size([35, 3, 1, 600, 600])
INFO:root:<class 'torch.Tensor'>
INFO:root:torch.Size([5, 3, 1, 600, 600])
INFO:root:torch.Size([30, 3, 1, 600, 600])
INFO:root:(3, 35)
INFO:root:train trajgru begin...
INFO:root:train trajgru begin...
INFO:root:torch.Size([35, 3, 1, 600, 600])
INFO:root:<class 'torch.Tensor'>
INFO:root:torch.Size([5, 3, 1, 600, 600])
INFO:root:torch.Size([30, 3, 1, 600, 600])
INFO:root:(3, 35)
INFO:root:train trajgru begin...
INFO:root:train trajgru begin...
INFO:root:torch.Size([35, 3, 1, 600, 600])
INFO:root:<class 'torch.Tensor'>
INFO:root:torch.Size([5, 3, 1, 600, 600])
INFO:root:torch.Size([30, 3, 1, 600, 600])
INFO:root:(3, 35)
INFO:root:Saving evaluation result to /home/syao/Desktop/trajGRU/bams/experiments/train_35_Houston/iter_5000
INFO:root:Saving readable txt of Evaluation to /home/syao/Desktop/trajGRU/bams/experiments/train_35_Houston/iter_5000/eval_all.txt
INFO:root:load data:0.4525318145751953	valid:2.4004454612731934
INFO:root:train trajgru begin...
INFO:root:train trajgru begin...
INFO:root:torch.Size([35, 3, 1, 600, 600])
INFO:root:<class 'torch.Tensor'>
INFO:root:torch.Size([5, 3, 1, 600, 600])
INFO:root:torch.Size([30, 3, 1, 600, 600])
INFO:root:(3, 35)
INFO:root:Saving evaluation result to /home/syao/Desktop/trajGRU/bams/experiments/train_35_Houston/iter_5000
INFO:root:Saving readable txt of Evaluation to /home/syao/Desktop/trajGRU/bams/experiments/train_35_Houston/iter_5000/eval_all.txt
INFO:root:load data:0.45803141593933105	valid:2.7937304973602295
INFO:root:Saving evaluation result to /home/syao/Desktop/trajGRU/bams/experiments/train_35_Houston/iter_10000
INFO:root:Saving readable txt of Evaluation to /home/syao/Desktop/trajGRU/bams/experiments/train_35_Houston/iter_10000/eval_all.txt
INFO:root:load data:0.4765448570251465	valid:2.886070489883423
INFO:root:Saving evaluation result to /home/syao/Desktop/trajGRU/bams/experiments/train_35_Houston/iter_15000
INFO:root:Saving readable txt of Evaluation to /home/syao/Desktop/trajGRU/bams/experiments/train_35_Houston/iter_15000/eval_all.txt
INFO:root:load data:0.46550941467285156	valid:2.404703140258789
INFO:root:Saving evaluation result to /home/syao/Desktop/trajGRU/bams/experiments/train_35_Houston/iter_20000
INFO:root:Saving readable txt of Evaluation to /home/syao/Desktop/trajGRU/bams/experiments/train_35_Houston/iter_20000/eval_all.txt
INFO:root:load data:0.4618687629699707	valid:2.400151252746582
INFO:root:Saving evaluation result to /home/syao/Desktop/trajGRU/bams/experiments/train_35_Houston/iter_25000
INFO:root:Saving readable txt of Evaluation to /home/syao/Desktop/trajGRU/bams/experiments/train_35_Houston/iter_25000/eval_all.txt
INFO:root:load data:0.4698069095611572	valid:2.3973093032836914
INFO:root:Saving evaluation result to /home/syao/Desktop/trajGRU/bams/experiments/train_35_Houston/iter_30000
INFO:root:Saving readable txt of Evaluation to /home/syao/Desktop/trajGRU/bams/experiments/train_35_Houston/iter_30000/eval_all.txt
INFO:root:load data:0.45779848098754883	valid:2.3950488567352295
INFO:root:Saving evaluation result to /home/syao/Desktop/trajGRU/bams/experiments/train_35_Houston/iter_35000
INFO:root:Saving readable txt of Evaluation to /home/syao/Desktop/trajGRU/bams/experiments/train_35_Houston/iter_35000/eval_all.txt
INFO:root:load data:0.4619927406311035	valid:2.4685027599334717
INFO:root:Saving evaluation result to /home/syao/Desktop/trajGRU/bams/experiments/train_35_Houston/iter_40000
INFO:root:Saving readable txt of Evaluation to /home/syao/Desktop/trajGRU/bams/experiments/train_35_Houston/iter_40000/eval_all.txt
INFO:root:load data:0.5107073783874512	valid:2.737051486968994
INFO:root:Saving evaluation result to /home/syao/Desktop/trajGRU/bams/experiments/train_35_Houston/iter_45000
INFO:root:Saving readable txt of Evaluation to /home/syao/Desktop/trajGRU/bams/experiments/train_35_Houston/iter_45000/eval_all.txt
INFO:root:load data:0.535243034362793	valid:2.8872311115264893
INFO:root:Saving evaluation result to /home/syao/Desktop/trajGRU/bams/experiments/train_35_Houston/iter_50000
INFO:root:Saving readable txt of Evaluation to /home/syao/Desktop/trajGRU/bams/experiments/train_35_Houston/iter_50000/eval_all.txt
INFO:root:load data:0.5311899185180664	valid:2.9175939559936523
INFO:root:train trajgru begin...
INFO:root:train trajgru begin...
INFO:root:torch.Size([35, 3, 1, 600, 600])
INFO:root:<class 'torch.Tensor'>
INFO:root:torch.Size([5, 3, 1, 600, 600])
INFO:root:torch.Size([30, 3, 1, 600, 600])
INFO:root:(3, 35)
INFO:root:train trajgru begin...
INFO:root:train trajgru begin...
INFO:root:torch.Size([35, 3, 1, 600, 600])
INFO:root:<class 'torch.Tensor'>
INFO:root:torch.Size([5, 3, 1, 600, 600])
INFO:root:torch.Size([30, 3, 1, 600, 600])
INFO:root:(3, 35)
INFO:root:Saving evaluation result to /home/syao/Desktop/trajGRU/bams/experiments/train_35_comb_Hou/iter_5000
INFO:root:Saving readable txt of Evaluation to /home/syao/Desktop/trajGRU/bams/experiments/train_35_comb_Hou/iter_5000/eval_all.txt
INFO:root:load data:0.45465850830078125	valid:2.4070446491241455
INFO:root:Saving evaluation result to /home/syao/Desktop/trajGRU/bams/experiments/train_35_comb_Hou/iter_10000
INFO:root:Saving readable txt of Evaluation to /home/syao/Desktop/trajGRU/bams/experiments/train_35_comb_Hou/iter_10000/eval_all.txt
INFO:root:load data:0.461151123046875	valid:2.4152848720550537
INFO:root:Saving evaluation result to /home/syao/Desktop/trajGRU/bams/experiments/train_35_comb_Hou/iter_15000
INFO:root:Saving readable txt of Evaluation to /home/syao/Desktop/trajGRU/bams/experiments/train_35_comb_Hou/iter_15000/eval_all.txt
INFO:root:load data:0.4641726016998291	valid:2.603658676147461
INFO:root:Saving evaluation result to /home/syao/Desktop/trajGRU/bams/experiments/train_35_comb_Hou/iter_20000
INFO:root:Saving readable txt of Evaluation to /home/syao/Desktop/trajGRU/bams/experiments/train_35_comb_Hou/iter_20000/eval_all.txt
INFO:root:load data:0.45912861824035645	valid:2.3930649757385254
INFO:root:Saving evaluation result to /home/syao/Desktop/trajGRU/bams/experiments/train_35_comb_Hou/iter_25000
INFO:root:Saving readable txt of Evaluation to /home/syao/Desktop/trajGRU/bams/experiments/train_35_comb_Hou/iter_25000/eval_all.txt
INFO:root:load data:0.456204891204834	valid:2.5390942096710205
INFO:root:Saving evaluation result to /home/syao/Desktop/trajGRU/bams/experiments/train_35_comb_Hou/iter_30000
INFO:root:Saving readable txt of Evaluation to /home/syao/Desktop/trajGRU/bams/experiments/train_35_comb_Hou/iter_30000/eval_all.txt
INFO:root:load data:0.46271347999572754	valid:2.403125286102295
INFO:root:Saving evaluation result to /home/syao/Desktop/trajGRU/bams/experiments/train_35_comb_Hou/iter_35000
INFO:root:Saving readable txt of Evaluation to /home/syao/Desktop/trajGRU/bams/experiments/train_35_comb_Hou/iter_35000/eval_all.txt
INFO:root:load data:0.47837018966674805	valid:2.8969640731811523
INFO:root:Saving evaluation result to /home/syao/Desktop/trajGRU/bams/experiments/train_35_comb_Hou/iter_40000
INFO:root:Saving readable txt of Evaluation to /home/syao/Desktop/trajGRU/bams/experiments/train_35_comb_Hou/iter_40000/eval_all.txt
INFO:root:load data:0.48204779624938965	valid:2.766658306121826
INFO:root:Saving evaluation result to /home/syao/Desktop/trajGRU/bams/experiments/train_35_comb_Hou/iter_45000
INFO:root:Saving readable txt of Evaluation to /home/syao/Desktop/trajGRU/bams/experiments/train_35_comb_Hou/iter_45000/eval_all.txt
INFO:root:load data:0.5330061912536621	valid:2.9536831378936768
INFO:root:train trajgru begin...
INFO:root:train trajgru begin...
INFO:root:train trajgru begin...
INFO:root:train trajgru begin...
INFO:root:torch.Size([35, 3, 1, 600, 600])
INFO:root:<class 'torch.Tensor'>
INFO:root:torch.Size([5, 3, 1, 600, 600])
INFO:root:torch.Size([30, 3, 1, 600, 600])
INFO:root:(3, 35)
INFO:root:train trajgru begin...
INFO:root:train trajgru begin...
INFO:root:torch.Size([35, 3, 1, 600, 600])
INFO:root:<class 'torch.Tensor'>
INFO:root:torch.Size([5, 3, 1, 600, 600])
INFO:root:torch.Size([30, 3, 1, 600, 600])
INFO:root:(3, 35)
INFO:root:Saving evaluation result to /home/syao/Desktop/trajGRU/bams/experiments/train_35_hurricane/iter_5000
INFO:root:Saving readable txt of Evaluation to /home/syao/Desktop/trajGRU/bams/experiments/train_35_hurricane/iter_5000/eval_all.txt
INFO:root:load data:0.5551855564117432	valid:2.5076587200164795
INFO:root:Saving evaluation result to /home/syao/Desktop/trajGRU/bams/experiments/train_35_hurricane/iter_10000
INFO:root:Saving readable txt of Evaluation to /home/syao/Desktop/trajGRU/bams/experiments/train_35_hurricane/iter_10000/eval_all.txt
INFO:root:load data:0.5155658721923828	valid:2.5891268253326416
INFO:root:Saving evaluation result to /home/syao/Desktop/trajGRU/bams/experiments/train_35_hurricane/iter_15000
INFO:root:Saving readable txt of Evaluation to /home/syao/Desktop/trajGRU/bams/experiments/train_35_hurricane/iter_15000/eval_all.txt
INFO:root:load data:0.5775356292724609	valid:2.571964979171753
INFO:root:Saving evaluation result to /home/syao/Desktop/trajGRU/bams/experiments/train_35_hurricane/iter_20000
INFO:root:Saving readable txt of Evaluation to /home/syao/Desktop/trajGRU/bams/experiments/train_35_hurricane/iter_20000/eval_all.txt
INFO:root:load data:0.5202293395996094	valid:2.482423782348633
INFO:root:Saving evaluation result to /home/syao/Desktop/trajGRU/bams/experiments/train_35_hurricane/iter_25000
INFO:root:Saving readable txt of Evaluation to /home/syao/Desktop/trajGRU/bams/experiments/train_35_hurricane/iter_25000/eval_all.txt
INFO:root:load data:0.5898292064666748	valid:2.573425531387329
INFO:root:Saving evaluation result to /home/syao/Desktop/trajGRU/bams/experiments/train_35_hurricane/iter_30000
INFO:root:Saving readable txt of Evaluation to /home/syao/Desktop/trajGRU/bams/experiments/train_35_hurricane/iter_30000/eval_all.txt
INFO:root:load data:0.5800940990447998	valid:2.654113531112671
INFO:root:Saving evaluation result to /home/syao/Desktop/trajGRU/bams/experiments/train_35_hurricane/iter_35000
INFO:root:Saving readable txt of Evaluation to /home/syao/Desktop/trajGRU/bams/experiments/train_35_hurricane/iter_35000/eval_all.txt
INFO:root:load data:0.6171793937683105	valid:2.747622013092041
INFO:root:Saving evaluation result to /home/syao/Desktop/trajGRU/bams/experiments/train_35_hurricane/iter_40000
INFO:root:Saving readable txt of Evaluation to /home/syao/Desktop/trajGRU/bams/experiments/train_35_hurricane/iter_40000/eval_all.txt
INFO:root:load data:0.5949506759643555	valid:2.8375985622406006
INFO:root:Saving evaluation result to /home/syao/Desktop/trajGRU/bams/experiments/train_35_hurricane/iter_45000
INFO:root:Saving readable txt of Evaluation to /home/syao/Desktop/trajGRU/bams/experiments/train_35_hurricane/iter_45000/eval_all.txt
INFO:root:load data:0.5604379177093506	valid:2.5957717895507812
INFO:root:Saving evaluation result to /home/syao/Desktop/trajGRU/bams/experiments/train_35_hurricane/iter_50000
INFO:root:Saving readable txt of Evaluation to /home/syao/Desktop/trajGRU/bams/experiments/train_35_hurricane/iter_50000/eval_all.txt
INFO:root:load data:0.5687406063079834	valid:3.0152714252471924
INFO:root:Saving evaluation result to /home/syao/Desktop/trajGRU/bams/experiments/train_35_hurricane/iter_55000
INFO:root:Saving readable txt of Evaluation to /home/syao/Desktop/trajGRU/bams/experiments/train_35_hurricane/iter_55000/eval_all.txt
INFO:root:load data:0.6052427291870117	valid:2.8094184398651123
INFO:root:Saving evaluation result to /home/syao/Desktop/trajGRU/bams/experiments/train_35_hurricane/iter_60000
INFO:root:Saving readable txt of Evaluation to /home/syao/Desktop/trajGRU/bams/experiments/train_35_hurricane/iter_60000/eval_all.txt
INFO:root:load data:0.6103806495666504	valid:2.871173620223999
INFO:root:Saving evaluation result to /home/syao/Desktop/trajGRU/bams/experiments/train_35_hurricane/iter_65000
INFO:root:Saving readable txt of Evaluation to /home/syao/Desktop/trajGRU/bams/experiments/train_35_hurricane/iter_65000/eval_all.txt
INFO:root:load data:0.5709919929504395	valid:2.692239761352539
INFO:root:Saving evaluation result to /home/syao/Desktop/trajGRU/bams/experiments/train_35_hurricane/iter_70000
INFO:root:Saving readable txt of Evaluation to /home/syao/Desktop/trajGRU/bams/experiments/train_35_hurricane/iter_70000/eval_all.txt
INFO:root:load data:0.6336815357208252	valid:3.08725643157959
INFO:root:Saving evaluation result to /home/syao/Desktop/trajGRU/bams/experiments/train_35_hurricane/iter_75000
INFO:root:Saving readable txt of Evaluation to /home/syao/Desktop/trajGRU/bams/experiments/train_35_hurricane/iter_75000/eval_all.txt
INFO:root:load data:0.7015526294708252	valid:2.8383357524871826
INFO:root:Saving evaluation result to /home/syao/Desktop/trajGRU/bams/experiments/train_35_hurricane/iter_80000
INFO:root:Saving readable txt of Evaluation to /home/syao/Desktop/trajGRU/bams/experiments/train_35_hurricane/iter_80000/eval_all.txt
INFO:root:load data:0.6325418949127197	valid:2.884641647338867
INFO:root:Saving evaluation result to /home/syao/Desktop/trajGRU/bams/experiments/train_35_hurricane/iter_85000
INFO:root:Saving readable txt of Evaluation to /home/syao/Desktop/trajGRU/bams/experiments/train_35_hurricane/iter_85000/eval_all.txt
INFO:root:load data:0.5992987155914307	valid:2.8923518657684326
